[     161ms] [ERROR] Failed to load resource: the server responded with a status of 500 (Internal Server Error) @ https://wesetup.ru/journals/hygiene:0
[     225ms] [ERROR] Failed to load resource: the server responded with a status of 500 (Internal Server Error) @ https://wesetup.ru/_next/static/chunks/de194e465d49b88c.js:0
[     227ms] [ERROR] Failed to load resource: the server responded with a status of 500 (Internal Server Error) @ https://wesetup.ru/_next/static/chunks/d0b532dbc68728e5.js:0
[     228ms] [ERROR] Failed to load resource: the server responded with a status of 500 (Internal Server Error) @ https://wesetup.ru/_next/static/chunks/490f2fab675173f3.js:0
[     380ms] [ERROR] ChunkLoadError: Failed to load chunk /_next/static/chunks/de194e465d49b88c.js from module 964893
    at https://wesetup.ru/_next/static/chunks/turbopack-e0b03b284b687c7f.js:1:5989 @ https://wesetup.ru/_next/static/chunks/961311cbebbffb6d.js:0
[     381ms] [ERROR] [app-error] ChunkLoadError: Failed to load chunk /_next/static/chunks/de194e465d49b88c.js from module 964893
    at https://wesetup.ru/_next/static/chunks/turbopack-e0b03b284b687c7f.js:1:5989 @ https://wesetup.ru/_next/static/chunks/bcacde6c5a6fad19.js:0
[     483ms] [WARNING] <meta name="apple-mobile-web-app-capable" content="yes"> is deprecated. Please include <meta name="mobile-web-app-capable" content="yes"> @ https://wesetup.ru/journals/hygiene:0
[     590ms] [ERROR] Failed to load resource: the server responded with a status of 404 (Not Found) @ https://wesetup.ru/icons/icon-192.png:0
[     591ms] [WARNING] Error while trying to use the following icon from the Manifest: https://wesetup.ru/icons/icon-192.png (Download error or resource isn't a valid image) @ https://wesetup.ru/journals/hygiene:0
[     607ms] [ERROR] Failed to load resource: the server responded with a status of 500 (Internal Server Error) @ https://wesetup.ru/journals/hygiene:0
[     654ms] [ERROR] Failed to load resource: the server responded with a status of 500 (Internal Server Error) @ https://wesetup.ru/_next/static/chunks/de194e465d49b88c.js:0
[     654ms] [ERROR] Failed to load resource: the server responded with a status of 500 (Internal Server Error) @ https://wesetup.ru/_next/static/chunks/d0b532dbc68728e5.js:0
[     655ms] [ERROR] Failed to load resource: the server responded with a status of 500 (Internal Server Error) @ https://wesetup.ru/_next/static/chunks/490f2fab675173f3.js:0
[     746ms] [ERROR] ChunkLoadError: Failed to load chunk /_next/static/chunks/de194e465d49b88c.js from module 964893
    at https://wesetup.ru/_next/static/chunks/turbopack-e0b03b284b687c7f.js:1:5989 @ https://wesetup.ru/_next/static/chunks/961311cbebbffb6d.js:0
[     747ms] [ERROR] [app-error] ChunkLoadError: Failed to load chunk /_next/static/chunks/de194e465d49b88c.js from module 964893
    at https://wesetup.ru/_next/static/chunks/turbopack-e0b03b284b687c7f.js:1:5989 @ https://wesetup.ru/_next/static/chunks/bcacde6c5a6fad19.js:0
[     784ms] [WARNING] <meta name="apple-mobile-web-app-capable" content="yes"> is deprecated. Please include <meta name="mobile-web-app-capable" content="yes"> @ https://wesetup.ru/journals/hygiene:0
[     825ms] [ERROR] Failed to load resource: the server responded with a status of 404 (Not Found) @ https://wesetup.ru/icons/icon-192.png:0
[     826ms] [WARNING] Error while trying to use the following icon from the Manifest: https://wesetup.ru/icons/icon-192.png (Download error or resource isn't a valid image) @ https://wesetup.ru/journals/hygiene:0
